<?xml version="1.0" encoding="UTF-8"?>
<!-- Generated by org.testng.reporters.JUnitReportReporter -->
<testsuite hostname="LAP-286-D3DB" failures="0" tests="1" name="day8.CreateUser" time="2.017" errors="0" timestamp="2024-09-09T14:24:33 IST" skipped="0">
  <testcase classname="day8.CreateUser" name="test_CreateUser" time="2.017"/>
</testsuite> <!-- day8.CreateUser -->
