<?xml version="1.0" encoding="UTF-8"?>
<!-- Generated by org.testng.reporters.JUnitReportReporter -->
<testsuite hostname="LAP-286-D3DB" failures="0" tests="1" name="day3.PathAndQuiryParameter" time="1.268" errors="0" timestamp="2024-09-04T10:47:56 IST" skipped="0">
  <testcase classname="day3.PathAndQuiryParameter" name="pathAndQueryParameter" time="1.268"/>
</testsuite> <!-- day3.PathAndQuiryParameter -->
