<?xml version="1.0" encoding="UTF-8"?>
<!-- Generated by org.testng.reporters.JUnitReportReporter -->
<testsuite hostname="LAP-286-D3DB" failures="0" tests="4" name="day1.HTTPRequest" time="3.885" errors="0" timestamp="2024-08-28T16:28:22 IST" skipped="0">
  <testcase classname="day1.HTTPRequest" name="getUser" time="1.636"/>
  <testcase classname="day1.HTTPRequest" name="createUsers" time="1.209"/>
  <testcase classname="day1.HTTPRequest" name="updateUser" time="0.420"/>
  <testcase classname="day1.HTTPRequest" name="deleteUser" time="0.620"/>
</testsuite> <!-- day1.HTTPRequest -->
