<?xml version="1.0" encoding="UTF-8"?>
<!-- Generated by org.testng.reporters.JUnitReportReporter -->
<testsuite hostname="LAP-286-D3DB" failures="0" tests="2" name="day3.cookieTest" time="1.578" errors="0" timestamp="2024-09-04T13:12:28 IST" skipped="1">
  <testcase classname="day3.cookieTest" name="getCookie" time="1.578"/>
  <testcase classname="day3.cookieTest" name="cookieTest">
    <skipped/>
  </testcase> <!-- cookieTest -->
</testsuite> <!-- day3.cookieTest -->
