<?xml version="1.0" encoding="UTF-8"?>
<!-- Generated by org.testng.reporters.JUnitReportReporter -->
<testsuite hostname="LAP-286-D3DB" failures="0" tests="1" name="day8.UpdateUser" time="0.453" errors="0" timestamp="2024-09-09T14:24:33 IST" skipped="0">
  <testcase classname="day8.UpdateUser" name="test_UpdateUser" time="0.453"/>
</testsuite> <!-- day8.UpdateUser -->
