<?xml version="1.0" encoding="UTF-8"?>
<!-- Generated by org.testng.reporters.JUnitReportReporter -->
<testsuite hostname="LAP-286-D3DB" failures="0" tests="1" name="day3.HeadersTest" time="1.654" errors="0" timestamp="2024-09-04T14:47:22 IST" skipped="0">
  <testcase classname="day3.HeadersTest" name="headerTest" time="1.654"/>
</testsuite> <!-- day3.HeadersTest -->
