<?xml version="1.0" encoding="UTF-8"?>
<!-- Generated by org.testng.reporters.JUnitReportReporter -->
<testsuite hostname="LAP-286-D3DB" failures="0" tests="1" name="day8.getUser" time="0.632" errors="0" timestamp="2024-09-09T14:24:33 IST" skipped="0">
  <testcase classname="day8.getUser" name="test_GetUser" time="0.632"/>
</testsuite> <!-- day8.getUser -->
