<?xml version="1.0" encoding="UTF-8"?>
<!-- Generated by org.testng.reporters.JUnitReportReporter -->
<testsuite hostname="LAP-286-D3DB" failures="0" tests="2" name="day5.ParsingXMLResponse" time="2.643" errors="0" timestamp="2024-09-05T13:10:38 IST" skipped="0">
  <testcase classname="day5.ParsingXMLResponse" name="parsingXMLResponseWithVar" time="0.493"/>
  <testcase classname="day5.ParsingXMLResponse" name="parsingXMLResponse" time="2.150"/>
</testsuite> <!-- day5.ParsingXMLResponse -->
