<?xml version="1.0" encoding="UTF-8"?>
<!-- Generated by org.testng.reporters.JUnitReportReporter -->
<testsuite hostname="LAP-286-D3DB" failures="0" tests="3" name="day5.FileUploadAndDownload" time="1.169" errors="0" timestamp="2024-09-05T16:58:20 IST" skipped="1">
  <testcase classname="day5.FileUploadAndDownload" name="verifyFIleDownloaded" time="0.123"/>
  <testcase classname="day5.FileUploadAndDownload" name="multipleFilesUpload" time="1.046"/>
  <testcase classname="day5.FileUploadAndDownload" name="signleFileUpload">
    <skipped/>
  </testcase> <!-- signleFileUpload -->
</testsuite> <!-- day5.FileUploadAndDownload -->
