<?xml version="1.0" encoding="UTF-8"?>
<!-- Generated by org.testng.reporters.JUnitReportReporter -->
<testsuite hostname="LAP-286-D3DB" failures="0" tests="1" name="day3.Logs" time="2.069" errors="0" timestamp="2024-09-04T14:58:04 IST" skipped="0">
  <testcase classname="day3.Logs" name="headerTest" time="2.069"/>
</testsuite> <!-- day3.Logs -->
