<?xml version="1.0" encoding="UTF-8"?>
<!-- Generated by org.testng.reporters.JUnitReportReporter -->
<testsuite hostname="LAP-286-D3DB" failures="0" tests="1" name="day8.DeleteUser" time="0.695" errors="0" timestamp="2024-09-09T14:24:33 IST" skipped="0">
  <testcase classname="day8.DeleteUser" name="test_DeleteUserByID" time="0.695"/>
</testsuite> <!-- day8.DeleteUser -->
